{
  "stats": {
    "suites": 12,
    "tests": 31,
    "passes": 31,
    "pending": 0,
    "failures": 0,
    "start": "2022-12-24T06:47:11.018Z",
    "end": "2022-12-24T06:50:57.263Z",
    "duration": 188625,
    "testsRegistered": 31,
    "passPercent": 100,
    "pendingPercent": 0,
    "other": 0,
    "hasOther": false,
    "skipped": 0,
    "hasSkipped": false
  },
  "results": [
    {
      "uuid": "d8213593-26f3-47dd-88f7-0131bb660407",
      "title": "",
      "fullFile": "cypress\\e2e\\article-create-delete.ts",
      "file": "cypress\\e2e\\article-create-delete.ts",
      "beforeHooks": [],
      "afterHooks": [],
      "tests": [],
      "suites": [
        {
          "uuid": "2c9f0f2e-9bbf-4d4b-956c-a5946e37077b",
          "title": "로그아웃",
          "fullFile": "",
          "file": "",
          "beforeHooks": [],
          "afterHooks": [],
          "tests": [
            {
              "title": "쓸 수 없다는 메시지",
              "fullTitle": "로그아웃 쓸 수 없다는 메시지",
              "timedOut": null,
              "duration": 5141,
              "state": "passed",
              "speed": "medium",
              "pass": true,
              "fail": false,
              "pending": false,
              "context": null,
              "code": "cy.visit('/create');\ncy.get('#cannot-create').should('exist');\ncy.visit('/');",
              "err": {},
              "uuid": "96df9586-5662-453d-9236-2d34f764e0cf",
              "parentUUID": "2c9f0f2e-9bbf-4d4b-956c-a5946e37077b",
              "isHook": false,
              "skipped": false
            }
          ],
          "suites": [],
          "passes": [
            "96df9586-5662-453d-9236-2d34f764e0cf"
          ],
          "failures": [],
          "pending": [],
          "skipped": [],
          "duration": 5141,
          "root": false,
          "rootEmpty": false,
          "_timeout": 2000
        },
        {
          "uuid": "541786f1-00ea-432a-a515-bd0e98a4a595",
          "title": "로그인",
          "fullFile": "",
          "file": "",
          "beforeHooks": [],
          "afterHooks": [],
          "tests": [
            {
              "title": "파일 X",
              "fullTitle": "로그인 파일 X",
              "timedOut": null,
              "duration": 18623,
              "state": "passed",
              "speed": "slow",
              "pass": true,
              "fail": false,
              "pending": false,
              "context": null,
              "code": "// 작성\ncy.get('#create__category').select(category, { force: true });\ncy.get('#create__title').type(title);\ncy.get('#create__explanation').type(explanation);\ncy.get('#create__submit').click();\n// 확인\ncy.url().should('contain', 'article');\ncy.get('#article__category').should('contain', category);\ncy.get('#article__writer').should('contain', 'asdf');\ncy.get('#article__title').should('contain', title);\ncy.get('#article__explanation').should('contain', explanation);\n// 파일 버튼은 없어야 한다.\ncy.get('#article__file').should('not.exist');\n// 작성 목록에서 확인하기\ncy.visit('/profile');\ncy.get('#profile-button__wrote').click();\ncy.get('#article-card').contains(title).click();\n// 삭제\ncy.get('#article__delete').click();\ncy.on('window:confirm', function (str) { return true; });\ncy.get('#article-deletion-page').should('exist');\n// 작성 목록에서도 지워졌는지 확인\ncy.visit('/profile');\ncy.get('#profile-button__wrote').click();\ncy.contains(title).should('not.exist');",
              "err": {},
              "uuid": "394804aa-4ce8-4651-b39e-0bf9b87e3cfb",
              "parentUUID": "541786f1-00ea-432a-a515-bd0e98a4a595",
              "isHook": false,
              "skipped": false
            },
            {
              "title": "파일 O",
              "fullTitle": "로그인 파일 O",
              "timedOut": null,
              "duration": 7782,
              "state": "passed",
              "speed": "medium",
              "pass": true,
              "fail": false,
              "pending": false,
              "context": null,
              "code": "// 작성\ncy.get('#create__category').select(category, { force: true });\ncy.get('#create__title').type(title);\ncy.get('#create__explanation').type(explanation);\n// 파일 부분은 display가 none이므로 force를 true로 해야 한다.\ncy.get('#create__file').selectFile(file, { force: true });\ncy.get('#create__submit').click();\n// 확인\ncy.url().should('contain', 'article');\ncy.get('#article__category').should('contain', category);\ncy.get('#article__writer').should('contain', 'asdf');\ncy.get('#article__title').should('contain', title);\ncy.get('#article__explanation').should('contain', explanation);\ncy.get('#article__file').should('exist');\n// 삭제\ncy.get('#article__delete').click();\ncy.on('window:confirm', function (str) { return true; });\ncy.get('#article-deletion-page').should('exist');",
              "err": {},
              "uuid": "e8d5d734-17fa-4677-8695-9b973b790e3c",
              "parentUUID": "541786f1-00ea-432a-a515-bd0e98a4a595",
              "isHook": false,
              "skipped": false
            }
          ],
          "suites": [],
          "passes": [
            "394804aa-4ce8-4651-b39e-0bf9b87e3cfb",
            "e8d5d734-17fa-4677-8695-9b973b790e3c"
          ],
          "failures": [],
          "pending": [],
          "skipped": [],
          "duration": 26405,
          "root": false,
          "rootEmpty": false,
          "_timeout": 2000
        }
      ],
      "passes": [],
      "failures": [],
      "pending": [],
      "skipped": [],
      "duration": 0,
      "root": true,
      "rootEmpty": true,
      "_timeout": 2000
    },
    {
      "uuid": "e39fa281-55f8-4e48-8e3c-61a509c5a72c",
      "title": "",
      "fullFile": "cypress\\e2e\\article-edit.ts",
      "file": "cypress\\e2e\\article-edit.ts",
      "beforeHooks": [],
      "afterHooks": [],
      "tests": [],
      "suites": [
        {
          "uuid": "e09aba54-a7c9-4d55-a4f9-5e6c6b0da4c4",
          "title": "로그아웃",
          "fullFile": "",
          "file": "",
          "beforeHooks": [],
          "afterHooks": [],
          "tests": [
            {
              "title": "쓸 수 없다는 메시지",
              "fullTitle": "로그아웃 쓸 수 없다는 메시지",
              "timedOut": null,
              "duration": 7173,
              "state": "passed",
              "speed": "medium",
              "pass": true,
              "fail": false,
              "pending": false,
              "context": null,
              "code": "cy.visit(\"/edit/\".concat(articleid));\ncy.get('#edit-page__no-author').should('exist');\ncy.visit('/');",
              "err": {},
              "uuid": "4732d292-9f43-4202-9f07-a4dd1c29e185",
              "parentUUID": "e09aba54-a7c9-4d55-a4f9-5e6c6b0da4c4",
              "isHook": false,
              "skipped": false
            }
          ],
          "suites": [],
          "passes": [
            "4732d292-9f43-4202-9f07-a4dd1c29e185"
          ],
          "failures": [],
          "pending": [],
          "skipped": [],
          "duration": 7173,
          "root": false,
          "rootEmpty": false,
          "_timeout": 2000
        },
        {
          "uuid": "72e432f6-293a-48cf-a0f5-d411abdfeecd",
          "title": "로그인",
          "fullFile": "",
          "file": "",
          "beforeHooks": [],
          "afterHooks": [],
          "tests": [
            {
              "title": "원래 -> 변형",
              "fullTitle": "로그인 원래 -> 변형",
              "timedOut": null,
              "duration": 12516,
              "state": "passed",
              "speed": "slow",
              "pass": true,
              "fail": false,
              "pending": false,
              "context": null,
              "code": "// 작성 전에 기존에 글이 남아 있는지 확인\ncy.get('#edit__title').should('have.value', original_title);\n// 작성\ncy.get('#edit__category').select(changed_category, { force: true });\ncy.get('#edit__title').clear().type(changed_title);\ncy.get('#edit__explanation').clear().type(changed_explanation);\n// 파일 부분은 display가 none이므로 force를 true로 해야 한다.\ncy.get('#edit__file').selectFile(changed_file, { force: true });\ncy.get('#edit__submit').click();\n// 확인\ncy.url().should('contain', 'article');\ncy.get('#article__category').should('contain', changed_category);\ncy.get('#article__writer').should('contain', 'asdf');\ncy.get('#article__title').should('contain', changed_title);\ncy.get('#article__explanation').should('contain', changed_explanation);\ncy.get('#article__file').should('exist');\n// 작성 목록에서 확인하기\n// cy.visit('/profile');\nObject(cypress_support_to_profile__WEBPACK_IMPORTED_MODULE_1__[\"default\"])();\ncy.get('#profile-button__wrote').click();\ncy.get('#article-card').contains(changed_title).should('exist');",
              "err": {},
              "uuid": "19beccb7-a272-4823-b008-9aad5b4d289a",
              "parentUUID": "72e432f6-293a-48cf-a0f5-d411abdfeecd",
              "isHook": false,
              "skipped": false
            },
            {
              "title": "변형 -> 원래",
              "fullTitle": "로그인 변형 -> 원래",
              "timedOut": null,
              "duration": 12589,
              "state": "passed",
              "speed": "slow",
              "pass": true,
              "fail": false,
              "pending": false,
              "context": null,
              "code": "// 작성\ncy.get('#edit__category').select(original_category, { force: true });\ncy.get('#edit__title').clear().type(original_title);\ncy.get('#edit__explanation').clear().type(original_explanation);\n// 파일 부분은 display가 none이므로 force를 true로 해야 한다.\ncy.get('#edit__file').selectFile(original_file, { force: true });\ncy.get('#edit__submit').click();\n// 확인\ncy.url().should('contain', 'article');\ncy.get('#article__category').should('contain', original_category);\ncy.get('#article__writer').should('contain', 'asdf');\ncy.get('#article__title').should('contain', original_title);\ncy.get('#article__explanation').should('contain', original_explanation);\ncy.get('#article__file').should('exist');\n// 작성 목록에서 확인하기\n// cy.visit('/profile');\nObject(cypress_support_to_profile__WEBPACK_IMPORTED_MODULE_1__[\"default\"])();\ncy.get('#profile-button__wrote').click();\ncy.get('#article-card').contains(original_title).should('exist');",
              "err": {},
              "uuid": "5b3a3968-bccf-47af-b29b-e2d439d71ff1",
              "parentUUID": "72e432f6-293a-48cf-a0f5-d411abdfeecd",
              "isHook": false,
              "skipped": false
            }
          ],
          "suites": [],
          "passes": [
            "19beccb7-a272-4823-b008-9aad5b4d289a",
            "5b3a3968-bccf-47af-b29b-e2d439d71ff1"
          ],
          "failures": [],
          "pending": [],
          "skipped": [],
          "duration": 25105,
          "root": false,
          "rootEmpty": false,
          "_timeout": 2000
        }
      ],
      "passes": [],
      "failures": [],
      "pending": [],
      "skipped": [],
      "duration": 0,
      "root": true,
      "rootEmpty": true,
      "_timeout": 2000
    },
    {
      "uuid": "6f0af0d9-b224-453f-822a-466235ec0a1c",
      "title": "",
      "fullFile": "cypress\\e2e\\article-read.ts",
      "file": "cypress\\e2e\\article-read.ts",
      "beforeHooks": [],
      "afterHooks": [],
      "tests": [],
      "suites": [
        {
          "uuid": "9fee699f-017e-4bae-b2c6-d80f6de5db59",
          "title": "로그인을 하지 않은 경우",
          "fullFile": "",
          "file": "",
          "beforeHooks": [],
          "afterHooks": [],
          "tests": [
            {
              "title": "구성 요소가 있는지 확인",
              "fullTitle": "로그인을 하지 않은 경우 구성 요소가 있는지 확인",
              "timedOut": null,
              "duration": 3189,
              "state": "passed",
              "speed": "fast",
              "pass": true,
              "fail": false,
              "pending": false,
              "context": null,
              "code": "cy.get('#article__category').should('exist');\ncy.get('#article__date').should('exist');\ncy.get('#article__writer').should('exist');\ncy.get('#article__title').should('exist');\ncy.get('#article__explanation').should('exist');\ncy.get('#article__file').should('exist');\ncy.get('#article__comment-title').should('exist');\ncy.get('#comment__whole').should('exist');",
              "err": {},
              "uuid": "354c04c9-bc94-4cee-bb8e-cdfdcb8f469b",
              "parentUUID": "9fee699f-017e-4bae-b2c6-d80f6de5db59",
              "isHook": false,
              "skipped": false
            }
          ],
          "suites": [],
          "passes": [
            "354c04c9-bc94-4cee-bb8e-cdfdcb8f469b"
          ],
          "failures": [],
          "pending": [],
          "skipped": [],
          "duration": 3189,
          "root": false,
          "rootEmpty": false,
          "_timeout": 2000
        },
        {
          "uuid": "fe0f400f-e35a-464a-833b-f94b2d10e180",
          "title": "로그인을 한 경우",
          "fullFile": "",
          "file": "",
          "beforeHooks": [],
          "afterHooks": [],
          "tests": [
            {
              "title": "로그인을 한 사람이라면 댓글을 작성할 수 있다.",
              "fullTitle": "로그인을 한 경우 로그인을 한 사람이라면 댓글을 작성할 수 있다.",
              "timedOut": null,
              "duration": 10359,
              "state": "passed",
              "speed": "slow",
              "pass": true,
              "fail": false,
              "pending": false,
              "context": null,
              "code": "cy.get('#comment-form').should('exist');",
              "err": {},
              "uuid": "46cd7db0-46b4-4d47-8dd7-279a5bcd26dd",
              "parentUUID": "fe0f400f-e35a-464a-833b-f94b2d10e180",
              "isHook": false,
              "skipped": false
            },
            {
              "title": "자신이 쓴 글이라면 수정과 삭제 버튼이 있어야 한다.",
              "fullTitle": "로그인을 한 경우 자신이 쓴 글이라면 수정과 삭제 버튼이 있어야 한다.",
              "timedOut": null,
              "duration": 62,
              "state": "passed",
              "speed": "fast",
              "pass": true,
              "fail": false,
              "pending": false,
              "context": null,
              "code": "cy.get('#article__to-edit').should('exist');\ncy.get('#article__delete').should('exist');",
              "err": {},
              "uuid": "e6b41357-4b7b-400b-8788-2c2de29b0e18",
              "parentUUID": "fe0f400f-e35a-464a-833b-f94b2d10e180",
              "isHook": false,
              "skipped": false
            }
          ],
          "suites": [],
          "passes": [
            "46cd7db0-46b4-4d47-8dd7-279a5bcd26dd",
            "e6b41357-4b7b-400b-8788-2c2de29b0e18"
          ],
          "failures": [],
          "pending": [],
          "skipped": [],
          "duration": 10421,
          "root": false,
          "rootEmpty": false,
          "_timeout": 2000
        }
      ],
      "passes": [],
      "failures": [],
      "pending": [],
      "skipped": [],
      "duration": 0,
      "root": true,
      "rootEmpty": true,
      "_timeout": 2000
    },
    {
      "uuid": "f7aab468-fec9-48d8-8faa-26451f69d713",
      "title": "",
      "fullFile": "cypress\\e2e\\category-page.ts",
      "file": "cypress\\e2e\\category-page.ts",
      "beforeHooks": [],
      "afterHooks": [],
      "tests": [
        {
          "title": "글이 있는 경우",
          "fullTitle": "글이 있는 경우",
          "timedOut": null,
          "duration": 3881,
          "state": "passed",
          "speed": "fast",
          "pass": true,
          "fail": false,
          "pending": false,
          "context": null,
          "code": "cy.visit('/category/society/1');\ncy.get('#category-page__title').should('exist');\ncy.get('#article-card').should('exist');\ncy.get('#category-page__paginate').should('exist');",
          "err": {},
          "uuid": "de7e84ca-8b5e-4445-963c-51752b01e914",
          "parentUUID": "f7aab468-fec9-48d8-8faa-26451f69d713",
          "isHook": false,
          "skipped": false
        },
        {
          "title": "페이지네이션",
          "fullTitle": "페이지네이션",
          "timedOut": null,
          "duration": 595,
          "state": "passed",
          "speed": "fast",
          "pass": true,
          "fail": false,
          "pending": false,
          "context": null,
          "code": "cy.get('#category-page__paginate').contains('2').click();\ncy.url().should('contain', '2');",
          "err": {},
          "uuid": "f4ef5343-079a-4e24-a620-e102c3760509",
          "parentUUID": "f7aab468-fec9-48d8-8faa-26451f69d713",
          "isHook": false,
          "skipped": false
        },
        {
          "title": "카드의 카테고리가 한글로 되어 있어야 한다.",
          "fullTitle": "카드의 카테고리가 한글로 되어 있어야 한다.",
          "timedOut": null,
          "duration": 25,
          "state": "passed",
          "speed": "fast",
          "pass": true,
          "fail": false,
          "pending": false,
          "context": null,
          "code": "cy.get('#article-card__others').should('contain', '사회');",
          "err": {},
          "uuid": "27259bd0-93bb-469e-8662-11ae6dbc047e",
          "parentUUID": "f7aab468-fec9-48d8-8faa-26451f69d713",
          "isHook": false,
          "skipped": false
        },
        {
          "title": "글로 이동",
          "fullTitle": "글로 이동",
          "timedOut": null,
          "duration": 473,
          "state": "passed",
          "speed": "fast",
          "pass": true,
          "fail": false,
          "pending": false,
          "context": null,
          "code": "cy.get('#article-card').click();\ncy.url().should('contain', 'article');",
          "err": {},
          "uuid": "59423a3e-1f7f-4e4a-b289-282b828bf2d0",
          "parentUUID": "f7aab468-fec9-48d8-8faa-26451f69d713",
          "isHook": false,
          "skipped": false
        },
        {
          "title": "다른 페이지 클릭하고 다시 카테고리로 돌아오면 페이지네이션 active 버튼이 1페이지를 가리켜야 한다",
          "fullTitle": "다른 페이지 클릭하고 다시 카테고리로 돌아오면 페이지네이션 active 버튼이 1페이지를 가리켜야 한다",
          "timedOut": null,
          "duration": 4052,
          "state": "passed",
          "speed": "fast",
          "pass": true,
          "fail": false,
          "pending": false,
          "context": null,
          "code": "cy.visit('/category/society/1');\ncy.get('#category-page__paginate').contains('2').click();\ncy.get('#category-menu__button').click();\ncy.get('#category-menu__button').click();\ncy.get('#category-menu__result').contains('과학기술').click();\ncy.get('#category-menu__button').click();\ncy.get('#category-menu__button').click();\ncy.get('#category-menu__result').contains('사회').click();\ncy.get('#category-page__paginate')\n    .contains('1')\n    .should('have.css', 'color', 'rgb(230, 126, 34)');",
          "err": {},
          "uuid": "4fb28f4f-05e7-420b-99bc-b6a67484c60f",
          "parentUUID": "f7aab468-fec9-48d8-8faa-26451f69d713",
          "isHook": false,
          "skipped": false
        }
      ],
      "suites": [],
      "passes": [
        "de7e84ca-8b5e-4445-963c-51752b01e914",
        "f4ef5343-079a-4e24-a620-e102c3760509",
        "27259bd0-93bb-469e-8662-11ae6dbc047e",
        "59423a3e-1f7f-4e4a-b289-282b828bf2d0",
        "4fb28f4f-05e7-420b-99bc-b6a67484c60f"
      ],
      "failures": [],
      "pending": [],
      "skipped": [],
      "duration": 9026,
      "root": true,
      "rootEmpty": false,
      "_timeout": 2000
    },
    {
      "uuid": "6d2018fc-a2ce-4976-9674-df9a72e94cbe",
      "title": "",
      "fullFile": "cypress\\e2e\\comment.ts",
      "file": "cypress\\e2e\\comment.ts",
      "beforeHooks": [],
      "afterHooks": [],
      "tests": [
        {
          "title": "작성 -> 확인 -> 삭제",
          "fullTitle": "작성 -> 확인 -> 삭제",
          "timedOut": null,
          "duration": 18557,
          "state": "passed",
          "speed": "slow",
          "pass": true,
          "fail": false,
          "pending": false,
          "context": null,
          "code": "// 로그인하기\nObject(cypress_support_sign__WEBPACK_IMPORTED_MODULE_0__[\"login\"])('asdf@gmail.com', 'asdf1234');\n// 이동하기\ncy.visit('/article/9mDSqenHRWNZTvCvsSew');\n// 작성\ncy.get('#comment-form__content').type(content);\ncy.get('#comment-form__submit').click();\n// 작성 확인\ncy.contains(content).should('exist');\n// 삭제\ncy.get('#comment__delete').click();\ncy.on('window:confirm', function (str) { return true; });\n// 삭제 확인\ncy.contains(content).should('not.exist');\n// 로그아웃하기\nObject(cypress_support_sign__WEBPACK_IMPORTED_MODULE_0__[\"logout\"])();",
          "err": {},
          "uuid": "76d28562-e356-4d51-979d-4cd45657e667",
          "parentUUID": "6d2018fc-a2ce-4976-9674-df9a72e94cbe",
          "isHook": false,
          "skipped": false
        }
      ],
      "suites": [],
      "passes": [
        "76d28562-e356-4d51-979d-4cd45657e667"
      ],
      "failures": [],
      "pending": [],
      "skipped": [],
      "duration": 18557,
      "root": true,
      "rootEmpty": false,
      "_timeout": 2000
    },
    {
      "uuid": "a24b7ebc-b4a8-475a-b0ce-708fa1372de4",
      "title": "",
      "fullFile": "cypress\\e2e\\home.ts",
      "file": "cypress\\e2e\\home.ts",
      "beforeHooks": [],
      "afterHooks": [],
      "tests": [
        {
          "title": "각종 부분이 있는지 체크하기",
          "fullTitle": "각종 부분이 있는지 체크하기",
          "timedOut": null,
          "duration": 3244,
          "state": "passed",
          "speed": "fast",
          "pass": true,
          "fail": false,
          "pending": false,
          "context": null,
          "code": "cy.visit('/');\ncy.get('header');\ncy.get('#welcome');\ncy.get('#intro');\ncy.get('footer');",
          "err": {},
          "uuid": "750a110d-4803-480b-b326-1e584981d2f1",
          "parentUUID": "a24b7ebc-b4a8-475a-b0ce-708fa1372de4",
          "isHook": false,
          "skipped": false
        },
        {
          "title": "카테고리 클릭해서 이동하기",
          "fullTitle": "카테고리 클릭해서 이동하기",
          "timedOut": null,
          "duration": 4394,
          "state": "passed",
          "speed": "fast",
          "pass": true,
          "fail": false,
          "pending": false,
          "context": null,
          "code": "cy.get('#category-menu__button').click();\ncy.get('#category-menu__button').click();\ncy.get('#category-menu__result').contains('사회').click();\ncy.url().should('contain', 'category');\ncy.url().should('contain', 'society');\ncy.visit('/');",
          "err": {},
          "uuid": "c05569bb-c16b-44bd-8718-0e56d7efbf01",
          "parentUUID": "a24b7ebc-b4a8-475a-b0ce-708fa1372de4",
          "isHook": false,
          "skipped": false
        },
        {
          "title": "카테고리 hover해서 이동하기",
          "fullTitle": "카테고리 hover해서 이동하기",
          "timedOut": null,
          "duration": 3909,
          "state": "passed",
          "speed": "fast",
          "pass": true,
          "fail": false,
          "pending": false,
          "context": null,
          "code": "// 코드는 mouseeneter로 했지만 여기서는 mouseover로 하였다.\ncy.get('#category-menu__button').trigger('mouseover');\ncy.get('#category-menu__result').contains('사회').click();\ncy.url().should('contain', 'category');\ncy.url().should('contain', 'society');\ncy.visit('/');",
          "err": {},
          "uuid": "4c85f5a5-10eb-418a-9334-eede9ea96fe6",
          "parentUUID": "a24b7ebc-b4a8-475a-b0ce-708fa1372de4",
          "isHook": false,
          "skipped": false
        },
        {
          "title": "카테고리 키보드로 이동하기",
          "fullTitle": "카테고리 키보드로 이동하기",
          "timedOut": null,
          "duration": 397,
          "state": "passed",
          "speed": "fast",
          "pass": true,
          "fail": false,
          "pending": false,
          "context": null,
          "code": "cy.get('#category-menu__result').should('have.css', 'display', 'none');\ncy.get('#category-menu__button').focus().type('{enter}');\ncy.get('#category-menu__result').should('not.have.css', 'display', 'none');",
          "err": {},
          "uuid": "4834de0f-95f3-4a68-b5c7-4812a4019268",
          "parentUUID": "a24b7ebc-b4a8-475a-b0ce-708fa1372de4",
          "isHook": false,
          "skipped": false
        },
        {
          "title": "작성 페이지로 이동",
          "fullTitle": "작성 페이지로 이동",
          "timedOut": null,
          "duration": 4820,
          "state": "passed",
          "speed": "fast",
          "pass": true,
          "fail": false,
          "pending": false,
          "context": null,
          "code": "cy.get('#to-create').click();\ncy.url().should('contain', 'create');\ncy.visit('/');",
          "err": {},
          "uuid": "b1d86317-fcbc-4fad-8023-e46e947e7c6a",
          "parentUUID": "a24b7ebc-b4a8-475a-b0ce-708fa1372de4",
          "isHook": false,
          "skipped": false
        },
        {
          "title": "로그인 페이지로 이동",
          "fullTitle": "로그인 페이지로 이동",
          "timedOut": null,
          "duration": 4507,
          "state": "passed",
          "speed": "fast",
          "pass": true,
          "fail": false,
          "pending": false,
          "context": null,
          "code": "cy.get('header #to-login').click();\ncy.url().should('contain', 'sign');\ncy.visit('/');",
          "err": {},
          "uuid": "fc11c800-f188-463f-96e2-637dfd201818",
          "parentUUID": "a24b7ebc-b4a8-475a-b0ce-708fa1372de4",
          "isHook": false,
          "skipped": false
        },
        {
          "title": "screen-medium 이하이면 검색창 사라지고 검색 버튼 생김",
          "fullTitle": "screen-medium 이하이면 검색창 사라지고 검색 버튼 생김",
          "timedOut": null,
          "duration": 73,
          "state": "passed",
          "speed": "fast",
          "pass": true,
          "fail": false,
          "pending": false,
          "context": null,
          "code": "cy.get('#search-narrow__container').should('have.css', 'display', 'none');\ncy.viewport(Cypress.env('screenMedium') - 1, 1000);\ncy.get('#search-narrow__container').should('not.have.css', 'display', 'none');",
          "err": {},
          "uuid": "78fd4191-48c9-4b60-9b37-db027b07e45f",
          "parentUUID": "a24b7ebc-b4a8-475a-b0ce-708fa1372de4",
          "isHook": false,
          "skipped": false
        },
        {
          "title": "screen-tiny 이하이면 카테고리 줄어듬",
          "fullTitle": "screen-tiny 이하이면 카테고리 줄어듬",
          "timedOut": null,
          "duration": 203,
          "state": "passed",
          "speed": "fast",
          "pass": true,
          "fail": false,
          "pending": false,
          "context": null,
          "code": "cy.get('#category-narrow__button').should('have.css', 'display', 'none');\ncy.viewport(Cypress.env('screenTiny') - 1, 500);\ncy.get('#category-narrow__button').should('not.have.css', 'display', 'none');",
          "err": {},
          "uuid": "9b392955-969e-4167-82df-56a4c00605b8",
          "parentUUID": "a24b7ebc-b4a8-475a-b0ce-708fa1372de4",
          "isHook": false,
          "skipped": false
        }
      ],
      "suites": [],
      "passes": [
        "750a110d-4803-480b-b326-1e584981d2f1",
        "c05569bb-c16b-44bd-8718-0e56d7efbf01",
        "4c85f5a5-10eb-418a-9334-eede9ea96fe6",
        "4834de0f-95f3-4a68-b5c7-4812a4019268",
        "b1d86317-fcbc-4fad-8023-e46e947e7c6a",
        "fc11c800-f188-463f-96e2-637dfd201818",
        "78fd4191-48c9-4b60-9b37-db027b07e45f",
        "9b392955-969e-4167-82df-56a4c00605b8"
      ],
      "failures": [],
      "pending": [],
      "skipped": [],
      "duration": 21547,
      "root": true,
      "rootEmpty": false,
      "_timeout": 2000
    },
    {
      "uuid": "6e104ca9-0033-4a64-8ace-0dac20dadd93",
      "title": "",
      "fullFile": "cypress\\e2e\\initialize.ts",
      "file": "cypress\\e2e\\initialize.ts",
      "beforeHooks": [],
      "afterHooks": [],
      "tests": [
        {
          "title": "initialize",
          "fullTitle": "initialize",
          "timedOut": null,
          "duration": 2366,
          "state": "passed",
          "speed": "fast",
          "pass": true,
          "fail": false,
          "pending": false,
          "context": null,
          "code": "cy.visit('/');",
          "err": {},
          "uuid": "7ddc6aaa-ac81-45d9-a141-1ffd351e1737",
          "parentUUID": "6e104ca9-0033-4a64-8ace-0dac20dadd93",
          "isHook": false,
          "skipped": false
        }
      ],
      "suites": [],
      "passes": [
        "7ddc6aaa-ac81-45d9-a141-1ffd351e1737"
      ],
      "failures": [],
      "pending": [],
      "skipped": [],
      "duration": 2366,
      "root": true,
      "rootEmpty": false,
      "_timeout": 2000
    },
    {
      "uuid": "d9bafdeb-0146-4258-86a6-5086e6022200",
      "title": "",
      "fullFile": "cypress\\e2e\\interest.ts",
      "file": "cypress\\e2e\\interest.ts",
      "beforeHooks": [],
      "afterHooks": [],
      "tests": [
        {
          "title": "관심 목록에서 추가하고 삭제하기",
          "fullTitle": "관심 목록에서 추가하고 삭제하기",
          "timedOut": null,
          "duration": 19499,
          "state": "passed",
          "speed": "slow",
          "pass": true,
          "fail": false,
          "pending": false,
          "context": null,
          "code": "// 로그인하기\nObject(cypress_support_sign__WEBPACK_IMPORTED_MODULE_0__[\"login\"])('qwer@gmail.com', 'asdf1234');\ncy.visit('/article/9mDSqenHRWNZTvCvsSew');\n// 추가하기\ncy.get('#article__interest-button').click();\ncy.get('#article__interest-button svg').should('have.attr', 'data-prefix', 'fas');\n// 프로필에서 확인하기\ncy.visit('/profile');\ncy.get('#profile-button__interest').click();\ncy.contains(titleText).click();\n// 해제하기\ncy.get('#article__interest-button svg').should('have.attr', 'data-prefix', 'fas');\ncy.get('#article__interest-button').click();\ncy.get('#article__interest-button svg').should('have.attr', 'data-prefix', 'far');\n// 프로필에서 확인하기\ncy.visit('/profile');\ncy.get('#profile-button__interest').click();\ncy.contains(titleText).should('not.exist');\n// 로그아웃하기\nObject(cypress_support_sign__WEBPACK_IMPORTED_MODULE_0__[\"logout\"])();",
          "err": {},
          "uuid": "947586b2-ea35-4c4f-a965-9fc3a142dc56",
          "parentUUID": "d9bafdeb-0146-4258-86a6-5086e6022200",
          "isHook": false,
          "skipped": false
        }
      ],
      "suites": [],
      "passes": [
        "947586b2-ea35-4c4f-a965-9fc3a142dc56"
      ],
      "failures": [],
      "pending": [],
      "skipped": [],
      "duration": 19499,
      "root": true,
      "rootEmpty": false,
      "_timeout": 2000
    },
    {
      "uuid": "2b98703f-ae82-4bae-975e-40781ce4b5fd",
      "title": "",
      "fullFile": "cypress\\e2e\\login-logout.ts",
      "file": "cypress\\e2e\\login-logout.ts",
      "beforeHooks": [],
      "afterHooks": [],
      "tests": [
        {
          "title": "로그인하기",
          "fullTitle": "로그인하기",
          "timedOut": null,
          "duration": 5249,
          "state": "passed",
          "speed": "medium",
          "pass": true,
          "fail": false,
          "pending": false,
          "context": null,
          "code": "Object(cypress_support_sign__WEBPACK_IMPORTED_MODULE_0__[\"login\"])('asdf@gmail.com', 'asdf1234');",
          "err": {},
          "uuid": "b24b673f-de28-487f-99cc-de34d3da1322",
          "parentUUID": "2b98703f-ae82-4bae-975e-40781ce4b5fd",
          "isHook": false,
          "skipped": false
        },
        {
          "title": "로그아웃하기",
          "fullTitle": "로그아웃하기",
          "timedOut": null,
          "duration": 848,
          "state": "passed",
          "speed": "fast",
          "pass": true,
          "fail": false,
          "pending": false,
          "context": null,
          "code": "Object(cypress_support_sign__WEBPACK_IMPORTED_MODULE_0__[\"logout\"])();",
          "err": {},
          "uuid": "b6895487-ca10-49c7-8324-3086464e6275",
          "parentUUID": "2b98703f-ae82-4bae-975e-40781ce4b5fd",
          "isHook": false,
          "skipped": false
        }
      ],
      "suites": [],
      "passes": [
        "b24b673f-de28-487f-99cc-de34d3da1322",
        "b6895487-ca10-49c7-8324-3086464e6275"
      ],
      "failures": [],
      "pending": [],
      "skipped": [],
      "duration": 6097,
      "root": true,
      "rootEmpty": false,
      "_timeout": 2000
    },
    {
      "uuid": "821327ab-fa07-4664-8ff4-c9ace69e43ac",
      "title": "",
      "fullFile": "cypress\\e2e\\profile-name.ts",
      "file": "cypress\\e2e\\profile-name.ts",
      "beforeHooks": [],
      "afterHooks": [],
      "tests": [
        {
          "title": "프로필 이름 바꿨다가 원래대로 돌리기",
          "fullTitle": "프로필 이름 바꿨다가 원래대로 돌리기",
          "timedOut": null,
          "duration": 12569,
          "state": "passed",
          "speed": "slow",
          "pass": true,
          "fail": false,
          "pending": false,
          "context": null,
          "code": "// 로그인하기\nObject(cypress_support_sign__WEBPACK_IMPORTED_MODULE_0__[\"login\"])('asdf@gmail.com', 'asdf1234');\n// 프로필에서 확인하기\ncy.visit('/profile');\n// 현재 이름 가져오기\ncy.get('#profile-name').invoke('text').as('originalName');\n// 이름 바꾸기\ncy.get('#profile-name__to-edit').click();\ncy.get('#profile-name__edit-input').clear().type(changedName);\ncy.get('#profile-name__edit-confirm').click();\ncy.get('#profile-name').should('have.text', changedName);\n// 원래로 돌리기\ncy.get('#profile-name__to-edit').click();\ncy.get('@originalName').then(function (originalName) {\n    cy.get('#profile-name__edit-input').clear().type(originalName);\n    cy.get('#profile-name__edit-confirm').click();\n    cy.get('#profile-name').should('have.text', originalName);\n});\n// 로그아웃하기\nObject(cypress_support_sign__WEBPACK_IMPORTED_MODULE_0__[\"logout\"])();",
          "err": {},
          "uuid": "6724e884-6b9f-4591-940c-bf549052f49d",
          "parentUUID": "821327ab-fa07-4664-8ff4-c9ace69e43ac",
          "isHook": false,
          "skipped": false
        }
      ],
      "suites": [],
      "passes": [
        "6724e884-6b9f-4591-940c-bf549052f49d"
      ],
      "failures": [],
      "pending": [],
      "skipped": [],
      "duration": 12569,
      "root": true,
      "rootEmpty": false,
      "_timeout": 2000
    },
    {
      "uuid": "967385ed-17ac-4248-aba3-c96ff7e9adfb",
      "title": "",
      "fullFile": "cypress\\e2e\\search.ts",
      "file": "cypress\\e2e\\search.ts",
      "beforeHooks": [],
      "afterHooks": [],
      "tests": [
        {
          "title": "wide한 상황에서 최신 글 찾고, 검색하기",
          "fullTitle": "wide한 상황에서 최신 글 찾고, 검색하기",
          "timedOut": null,
          "duration": 8299,
          "state": "passed",
          "speed": "medium",
          "pass": true,
          "fail": false,
          "pending": false,
          "context": null,
          "code": "cy.visit('/category/society/1');\ncy.get('#article-card__title')\n    .first()\n    .then(function ($firstArticleCard) {\n    var titleText = $firstArticleCard.text();\n    cy.get('#search-wide-input').type(titleText);\n    cy.get('#search-wide-result').contains(titleText).click();\n    cy.url().should('contain', 'article');\n    cy.get('#article__title').should('have.text', titleText);\n});\ncy.visit('/category/society/1');",
          "err": {},
          "uuid": "18437667-c709-4bb2-90d1-ae1da4a5864f",
          "parentUUID": "967385ed-17ac-4248-aba3-c96ff7e9adfb",
          "isHook": false,
          "skipped": false
        },
        {
          "title": "narrow한 상황에서 최신 글 찾고, 검색하기",
          "fullTitle": "narrow한 상황에서 최신 글 찾고, 검색하기",
          "timedOut": null,
          "duration": 968,
          "state": "passed",
          "speed": "fast",
          "pass": true,
          "fail": false,
          "pending": false,
          "context": null,
          "code": "cy.viewport(Cypress.env('screenMedium') - 1, 1000);\ncy.get('#search-narrow__button').click();\ncy.get('#article-card__title')\n    .first()\n    .then(function ($firstArticleCard) {\n    var titleText = $firstArticleCard.text();\n    cy.get('#search-narrow__input').type(titleText);\n    cy.get('#search-narrow__result').contains(titleText).click();\n    cy.url().should('contain', 'article');\n    cy.get('#article__title').should('have.text', titleText);\n});",
          "err": {},
          "uuid": "6bef0169-4105-48fc-976d-8069f547bc89",
          "parentUUID": "967385ed-17ac-4248-aba3-c96ff7e9adfb",
          "isHook": false,
          "skipped": false
        }
      ],
      "suites": [],
      "passes": [
        "18437667-c709-4bb2-90d1-ae1da4a5864f",
        "6bef0169-4105-48fc-976d-8069f547bc89"
      ],
      "failures": [],
      "pending": [],
      "skipped": [],
      "duration": 9267,
      "root": true,
      "rootEmpty": false,
      "_timeout": 2000
    },
    {
      "uuid": "5135587f-d2ff-4116-b3b3-2d0bbbeca93e",
      "title": "",
      "fullFile": "cypress\\e2e\\signup-delete.ts",
      "file": "cypress\\e2e\\signup-delete.ts",
      "beforeHooks": [],
      "afterHooks": [],
      "tests": [
        {
          "title": "회원가입하고 탈퇴하기",
          "fullTitle": "회원가입하고 탈퇴하기",
          "timedOut": null,
          "duration": 12263,
          "state": "passed",
          "speed": "slow",
          "pass": true,
          "fail": false,
          "pending": false,
          "context": null,
          "code": "// 회원가입하기\ncy.visit('/sign');\ncy.get('#email').type(email);\ncy.get('#password').type(password);\ncy.get('#sign-up-button').click();\ncy.get('#to-profile').should('exist');\n// profile에서 이름 확인하기\ncy.visit('/profile');\ncy.get('#profile-name').should('have.text', email.split('@')[0]);\n// 탈퇴하기\ncy.get('#delete-account-button').click();\ncy.get('#to-login').should('exist');",
          "err": {},
          "uuid": "70889dd7-1cbd-41e3-9e92-22414b740147",
          "parentUUID": "5135587f-d2ff-4116-b3b3-2d0bbbeca93e",
          "isHook": false,
          "skipped": false
        }
      ],
      "suites": [],
      "passes": [
        "70889dd7-1cbd-41e3-9e92-22414b740147"
      ],
      "failures": [],
      "pending": [],
      "skipped": [],
      "duration": 12263,
      "root": true,
      "rootEmpty": false,
      "_timeout": 2000
    }
  ],
  "meta": {
    "mocha": {
      "version": "7.0.1"
    },
    "mochawesome": {
      "options": {
        "quiet": false,
        "reportFilename": "[name].json",
        "saveHtml": false,
        "saveJson": true,
        "consoleReporter": "spec",
        "useInlineDiffs": false,
        "code": true
      },
      "version": "7.1.3"
    },
    "marge": {
      "options": {
        "id": "default",
        "reportDir": "cypress/results",
        "reportFilename": "[name].json",
        "html": false,
        "json": true
      },
      "version": "6.2.0"
    }
  }
}