{
  "stats": {
    "suites": 12,
    "tests": 34,
    "passes": 34,
    "pending": 0,
    "failures": 0,
    "start": "2022-12-24T03:04:32.645Z",
    "end": "2022-12-24T03:10:09.418Z",
    "duration": 285488,
    "testsRegistered": 34,
    "passPercent": 100,
    "pendingPercent": 0,
    "other": 0,
    "hasOther": false,
    "skipped": 0,
    "hasSkipped": false
  },
  "results": [
    {
      "uuid": "777abcc2-3aed-44b8-a9b3-519b1b9cfcad",
      "title": "",
      "fullFile": "cypress\\e2e\\article-create-delete.ts",
      "file": "cypress\\e2e\\article-create-delete.ts",
      "beforeHooks": [],
      "afterHooks": [],
      "tests": [],
      "suites": [
        {
          "uuid": "c32992c2-3f97-4fd2-a5b7-9e7fa4744d8e",
          "title": "로그아웃",
          "fullFile": "",
          "file": "",
          "beforeHooks": [],
          "afterHooks": [],
          "tests": [
            {
              "title": "쓸 수 없다는 메시지",
              "fullTitle": "로그아웃 쓸 수 없다는 메시지",
              "timedOut": null,
              "duration": 5165,
              "state": "passed",
              "speed": "medium",
              "pass": true,
              "fail": false,
              "pending": false,
              "context": null,
              "code": "cy.visit('/create');\ncy.get('#cannot-create').should('exist');\ncy.visit('/');",
              "err": {},
              "uuid": "5a67ab28-2006-416f-bc20-d0c8ca24dcb6",
              "parentUUID": "c32992c2-3f97-4fd2-a5b7-9e7fa4744d8e",
              "isHook": false,
              "skipped": false
            }
          ],
          "suites": [],
          "passes": [
            "5a67ab28-2006-416f-bc20-d0c8ca24dcb6"
          ],
          "failures": [],
          "pending": [],
          "skipped": [],
          "duration": 5165,
          "root": false,
          "rootEmpty": false,
          "_timeout": 2000
        },
        {
          "uuid": "a9b41821-20a7-4cd3-bb76-f00cc39c378c",
          "title": "로그인",
          "fullFile": "",
          "file": "",
          "beforeHooks": [],
          "afterHooks": [],
          "tests": [
            {
              "title": "파일 X",
              "fullTitle": "로그인 파일 X",
              "timedOut": null,
              "duration": 26078,
              "state": "passed",
              "speed": "slow",
              "pass": true,
              "fail": false,
              "pending": false,
              "context": null,
              "code": "// 작성\ncy.get('#create__category').select(category, { force: true });\ncy.get('#create__title').type(title);\ncy.get('#create__explanation').type(explanation);\ncy.get('#create__submit').click();\n// 확인\ncy.url().should('contain', 'article');\ncy.get('#article__category').should('contain', category);\ncy.get('#article__writer').should('contain', 'asdf');\ncy.get('#article__title').should('contain', title);\ncy.get('#article__explanation').should('contain', explanation);\n// 파일 버튼은 없어야 한다.\ncy.get('#article__file').should('not.exist');\n// 작성 목록에서 확인하기\ncy.visit('/profile');\ncy.get('#profile-button__wrote').click();\ncy.get('#article-card').contains(title).click();\n// 삭제\ncy.get('#article__delete').click();\ncy.on('window:confirm', function (str) { return true; });\ncy.get('#article-deletion-page').should('exist');\n// 작성 목록에서도 지워졌는지 확인\ncy.visit('/profile');\ncy.get('#profile-button__wrote').click();\ncy.contains(title).should('not.exist');",
              "err": {},
              "uuid": "2fd53797-46b5-4ae6-a39e-38987874970e",
              "parentUUID": "a9b41821-20a7-4cd3-bb76-f00cc39c378c",
              "isHook": false,
              "skipped": false
            },
            {
              "title": "파일 O",
              "fullTitle": "로그인 파일 O",
              "timedOut": null,
              "duration": 10090,
              "state": "passed",
              "speed": "slow",
              "pass": true,
              "fail": false,
              "pending": false,
              "context": null,
              "code": "// 작성\ncy.get('#create__category').select(category, { force: true });\ncy.get('#create__title').type(title);\ncy.get('#create__explanation').type(explanation);\n// 파일 부분은 display가 none이므로 force를 true로 해야 한다.\ncy.get('#create__file').selectFile(file, { force: true });\ncy.get('#create__submit').click();\n// 확인\ncy.url().should('contain', 'article');\ncy.get('#article__category').should('contain', category);\ncy.get('#article__writer').should('contain', 'asdf');\ncy.get('#article__title').should('contain', title);\ncy.get('#article__explanation').should('contain', explanation);\ncy.get('#article__file').should('exist');\n// 삭제\ncy.get('#article__delete').click();\ncy.on('window:confirm', function (str) { return true; });\ncy.get('#article-deletion-page').should('exist');",
              "err": {},
              "uuid": "97bfab8c-f42b-4222-96b4-ba2c351fa310",
              "parentUUID": "a9b41821-20a7-4cd3-bb76-f00cc39c378c",
              "isHook": false,
              "skipped": false
            }
          ],
          "suites": [],
          "passes": [
            "2fd53797-46b5-4ae6-a39e-38987874970e",
            "97bfab8c-f42b-4222-96b4-ba2c351fa310"
          ],
          "failures": [],
          "pending": [],
          "skipped": [],
          "duration": 36168,
          "root": false,
          "rootEmpty": false,
          "_timeout": 2000
        }
      ],
      "passes": [],
      "failures": [],
      "pending": [],
      "skipped": [],
      "duration": 0,
      "root": true,
      "rootEmpty": true,
      "_timeout": 2000
    },
    {
      "uuid": "0dac0bf8-487d-4dd6-914f-73f0271612fb",
      "title": "",
      "fullFile": "cypress\\e2e\\article-edit.ts",
      "file": "cypress\\e2e\\article-edit.ts",
      "beforeHooks": [],
      "afterHooks": [],
      "tests": [],
      "suites": [
        {
          "uuid": "3649a3df-3c10-4262-aa78-587b72968e48",
          "title": "로그아웃",
          "fullFile": "",
          "file": "",
          "beforeHooks": [],
          "afterHooks": [],
          "tests": [
            {
              "title": "쓸 수 없다는 메시지",
              "fullTitle": "로그아웃 쓸 수 없다는 메시지",
              "timedOut": null,
              "duration": 8210,
              "state": "passed",
              "speed": "medium",
              "pass": true,
              "fail": false,
              "pending": false,
              "context": null,
              "code": "cy.visit(\"/edit/\".concat(articleid));\ncy.get('#edit-page__no-author').should('exist');\ncy.visit('/');",
              "err": {},
              "uuid": "de6cca47-d66a-4fd4-b092-538b68c42b73",
              "parentUUID": "3649a3df-3c10-4262-aa78-587b72968e48",
              "isHook": false,
              "skipped": false
            }
          ],
          "suites": [],
          "passes": [
            "de6cca47-d66a-4fd4-b092-538b68c42b73"
          ],
          "failures": [],
          "pending": [],
          "skipped": [],
          "duration": 8210,
          "root": false,
          "rootEmpty": false,
          "_timeout": 2000
        },
        {
          "uuid": "169449ac-7c48-4e18-b9f2-fe7b97825ac5",
          "title": "로그인",
          "fullFile": "",
          "file": "",
          "beforeHooks": [],
          "afterHooks": [],
          "tests": [
            {
              "title": "원래 -> 변형",
              "fullTitle": "로그인 원래 -> 변형",
              "timedOut": null,
              "duration": 19453,
              "state": "passed",
              "speed": "slow",
              "pass": true,
              "fail": false,
              "pending": false,
              "context": null,
              "code": "// 작성 전에 기존에 글이 남아 있는지 확인\ncy.get('#edit__title').should('have.value', original_title);\n// 작성\ncy.get('#edit__category').select(changed_category, { force: true });\ncy.get('#edit__title').clear().type(changed_title);\ncy.get('#edit__explanation').clear().type(changed_explanation);\n// 파일 부분은 display가 none이므로 force를 true로 해야 한다.\ncy.get('#edit__file').selectFile(changed_file, { force: true });\ncy.get('#edit__submit').click();\n// 확인\ncy.url().should('contain', 'article');\ncy.get('#article__category').should('contain', changed_category);\ncy.get('#article__writer').should('contain', 'asdf');\ncy.get('#article__title').should('contain', changed_title);\ncy.get('#article__explanation').should('contain', changed_explanation);\ncy.get('#article__file').should('exist');\n// 작성 목록에서 확인하기\n// cy.visit('/profile');\nObject(cypress_support_to_profile__WEBPACK_IMPORTED_MODULE_1__[\"default\"])();\ncy.get('#profile-button__wrote').click();\ncy.get('#article-card').contains(changed_title).should('exist');",
              "err": {},
              "uuid": "9c7717de-0434-4a67-b521-9422b2c95307",
              "parentUUID": "169449ac-7c48-4e18-b9f2-fe7b97825ac5",
              "isHook": false,
              "skipped": false
            },
            {
              "title": "변형 -> 원래",
              "fullTitle": "로그인 변형 -> 원래",
              "timedOut": null,
              "duration": 18945,
              "state": "passed",
              "speed": "slow",
              "pass": true,
              "fail": false,
              "pending": false,
              "context": null,
              "code": "// 작성\ncy.get('#edit__category').select(original_category, { force: true });\ncy.get('#edit__title').clear().type(original_title);\ncy.get('#edit__explanation').clear().type(original_explanation);\n// 파일 부분은 display가 none이므로 force를 true로 해야 한다.\ncy.get('#edit__file').selectFile(original_file, { force: true });\ncy.get('#edit__submit').click();\n// 확인\ncy.url().should('contain', 'article');\ncy.get('#article__category').should('contain', original_category);\ncy.get('#article__writer').should('contain', 'asdf');\ncy.get('#article__title').should('contain', original_title);\ncy.get('#article__explanation').should('contain', original_explanation);\ncy.get('#article__file').should('exist');\n// 작성 목록에서 확인하기\n// cy.visit('/profile');\nObject(cypress_support_to_profile__WEBPACK_IMPORTED_MODULE_1__[\"default\"])();\ncy.get('#profile-button__wrote').click();\ncy.get('#article-card').contains(original_title).should('exist');",
              "err": {},
              "uuid": "e3b37521-ac54-4082-a701-b17189d51531",
              "parentUUID": "169449ac-7c48-4e18-b9f2-fe7b97825ac5",
              "isHook": false,
              "skipped": false
            }
          ],
          "suites": [],
          "passes": [
            "9c7717de-0434-4a67-b521-9422b2c95307",
            "e3b37521-ac54-4082-a701-b17189d51531"
          ],
          "failures": [],
          "pending": [],
          "skipped": [],
          "duration": 38398,
          "root": false,
          "rootEmpty": false,
          "_timeout": 2000
        }
      ],
      "passes": [],
      "failures": [],
      "pending": [],
      "skipped": [],
      "duration": 0,
      "root": true,
      "rootEmpty": true,
      "_timeout": 2000
    },
    {
      "uuid": "352abea3-1611-464c-9867-7461ca77c24a",
      "title": "",
      "fullFile": "cypress\\e2e\\article-read.ts",
      "file": "cypress\\e2e\\article-read.ts",
      "beforeHooks": [],
      "afterHooks": [],
      "tests": [],
      "suites": [
        {
          "uuid": "34cc55b2-142f-40a2-98a8-48cc70e76804",
          "title": "로그인을 하지 않은 경우",
          "fullFile": "",
          "file": "",
          "beforeHooks": [],
          "afterHooks": [],
          "tests": [
            {
              "title": "구성 요소가 있는지 확인",
              "fullTitle": "로그인을 하지 않은 경우 구성 요소가 있는지 확인",
              "timedOut": null,
              "duration": 5992,
              "state": "passed",
              "speed": "medium",
              "pass": true,
              "fail": false,
              "pending": false,
              "context": null,
              "code": "cy.get('#article__category').should('exist');\ncy.get('#article__date').should('exist');\ncy.get('#article__writer').should('exist');\ncy.get('#article__title').should('exist');\ncy.get('#article__explanation').should('exist');\ncy.get('#article__file').should('exist');\ncy.get('#article__comment-title').should('exist');\ncy.get('#comment__whole').should('exist');",
              "err": {},
              "uuid": "afaf9a66-9190-4a5a-abff-8d76713bcbaf",
              "parentUUID": "34cc55b2-142f-40a2-98a8-48cc70e76804",
              "isHook": false,
              "skipped": false
            }
          ],
          "suites": [],
          "passes": [
            "afaf9a66-9190-4a5a-abff-8d76713bcbaf"
          ],
          "failures": [],
          "pending": [],
          "skipped": [],
          "duration": 5992,
          "root": false,
          "rootEmpty": false,
          "_timeout": 2000
        },
        {
          "uuid": "b79a1065-17ea-43ec-ad9e-e7b4731fefc1",
          "title": "로그인을 한 경우",
          "fullFile": "",
          "file": "",
          "beforeHooks": [],
          "afterHooks": [],
          "tests": [
            {
              "title": "로그인을 한 사람이라면 댓글을 작성할 수 있다.",
              "fullTitle": "로그인을 한 경우 로그인을 한 사람이라면 댓글을 작성할 수 있다.",
              "timedOut": null,
              "duration": 13878,
              "state": "passed",
              "speed": "slow",
              "pass": true,
              "fail": false,
              "pending": false,
              "context": null,
              "code": "cy.get('#comment-form').should('exist');",
              "err": {},
              "uuid": "63657519-1126-41fa-a91a-010a90e86874",
              "parentUUID": "b79a1065-17ea-43ec-ad9e-e7b4731fefc1",
              "isHook": false,
              "skipped": false
            },
            {
              "title": "자신이 쓴 글이라면 수정과 삭제 버튼이 있어야 한다.",
              "fullTitle": "로그인을 한 경우 자신이 쓴 글이라면 수정과 삭제 버튼이 있어야 한다.",
              "timedOut": null,
              "duration": 96,
              "state": "passed",
              "speed": "fast",
              "pass": true,
              "fail": false,
              "pending": false,
              "context": null,
              "code": "cy.get('#article__to-edit').should('exist');\ncy.get('#article__delete').should('exist');",
              "err": {},
              "uuid": "82c85f53-fe93-4c7a-b82e-9dd78c1a6c77",
              "parentUUID": "b79a1065-17ea-43ec-ad9e-e7b4731fefc1",
              "isHook": false,
              "skipped": false
            }
          ],
          "suites": [],
          "passes": [
            "63657519-1126-41fa-a91a-010a90e86874",
            "82c85f53-fe93-4c7a-b82e-9dd78c1a6c77"
          ],
          "failures": [],
          "pending": [],
          "skipped": [],
          "duration": 13974,
          "root": false,
          "rootEmpty": false,
          "_timeout": 2000
        }
      ],
      "passes": [],
      "failures": [],
      "pending": [],
      "skipped": [],
      "duration": 0,
      "root": true,
      "rootEmpty": true,
      "_timeout": 2000
    },
    {
      "uuid": "fd185d04-09b1-4eb2-b08c-d81d3cb0b8a3",
      "title": "",
      "fullFile": "cypress\\e2e\\category-page.ts",
      "file": "cypress\\e2e\\category-page.ts",
      "beforeHooks": [],
      "afterHooks": [],
      "tests": [
        {
          "title": "글이 있는 경우",
          "fullTitle": "글이 있는 경우",
          "timedOut": null,
          "duration": 6146,
          "state": "passed",
          "speed": "medium",
          "pass": true,
          "fail": false,
          "pending": false,
          "context": null,
          "code": "cy.visit('/category/society/1');\ncy.get('#category-page__title').should('exist');\ncy.get('#article-card').should('exist');\ncy.get('#category-page__paginate').should('exist');",
          "err": {},
          "uuid": "bf0c0f82-b1cf-4aee-89af-d1cd6caa6f98",
          "parentUUID": "fd185d04-09b1-4eb2-b08c-d81d3cb0b8a3",
          "isHook": false,
          "skipped": false
        },
        {
          "title": "페이지네이션",
          "fullTitle": "페이지네이션",
          "timedOut": null,
          "duration": 1336,
          "state": "passed",
          "speed": "fast",
          "pass": true,
          "fail": false,
          "pending": false,
          "context": null,
          "code": "cy.get('#category-page__paginate').contains('2').click();\ncy.url().should('contain', '2');",
          "err": {},
          "uuid": "e00fdf61-8015-4f57-b11d-c28861360242",
          "parentUUID": "fd185d04-09b1-4eb2-b08c-d81d3cb0b8a3",
          "isHook": false,
          "skipped": false
        },
        {
          "title": "카드의 카테고리가 한글로 되어 있어야 한다.",
          "fullTitle": "카드의 카테고리가 한글로 되어 있어야 한다.",
          "timedOut": null,
          "duration": 113,
          "state": "passed",
          "speed": "fast",
          "pass": true,
          "fail": false,
          "pending": false,
          "context": null,
          "code": "cy.get('#article-card__others').should('contain', '사회');",
          "err": {},
          "uuid": "6fb629fc-df74-4453-9a09-a1e50264df90",
          "parentUUID": "fd185d04-09b1-4eb2-b08c-d81d3cb0b8a3",
          "isHook": false,
          "skipped": false
        },
        {
          "title": "글로 이동",
          "fullTitle": "글로 이동",
          "timedOut": null,
          "duration": 772,
          "state": "passed",
          "speed": "fast",
          "pass": true,
          "fail": false,
          "pending": false,
          "context": null,
          "code": "cy.get('#article-card').click();\ncy.url().should('contain', 'article');",
          "err": {},
          "uuid": "23081381-cd07-4bae-b935-cb932a24fcd0",
          "parentUUID": "fd185d04-09b1-4eb2-b08c-d81d3cb0b8a3",
          "isHook": false,
          "skipped": false
        },
        {
          "title": "다른 페이지 클릭하고 다시 카테고리로 돌아오면 페이지네이션 active 버튼이 1페이지를 가리켜야 한다",
          "fullTitle": "다른 페이지 클릭하고 다시 카테고리로 돌아오면 페이지네이션 active 버튼이 1페이지를 가리켜야 한다",
          "timedOut": null,
          "duration": 6341,
          "state": "passed",
          "speed": "medium",
          "pass": true,
          "fail": false,
          "pending": false,
          "context": null,
          "code": "cy.visit('/category/society/1');\ncy.get('#category-page__paginate').contains('2').click();\ncy.get('#category-menu__button').click();\ncy.get('#category-menu__button').click();\ncy.get('#category-menu__result').contains('과학기술').click();\ncy.get('#category-menu__button').click();\ncy.get('#category-menu__button').click();\ncy.get('#category-menu__result').contains('사회').click();\ncy.get('#category-page__paginate')\n    .contains('1')\n    .should('have.css', 'color', 'rgb(230, 126, 34)');",
          "err": {},
          "uuid": "324db6e4-89ec-4284-ba29-e8993f29a648",
          "parentUUID": "fd185d04-09b1-4eb2-b08c-d81d3cb0b8a3",
          "isHook": false,
          "skipped": false
        }
      ],
      "suites": [],
      "passes": [
        "bf0c0f82-b1cf-4aee-89af-d1cd6caa6f98",
        "e00fdf61-8015-4f57-b11d-c28861360242",
        "6fb629fc-df74-4453-9a09-a1e50264df90",
        "23081381-cd07-4bae-b935-cb932a24fcd0",
        "324db6e4-89ec-4284-ba29-e8993f29a648"
      ],
      "failures": [],
      "pending": [],
      "skipped": [],
      "duration": 14708,
      "root": true,
      "rootEmpty": false,
      "_timeout": 2000
    },
    {
      "uuid": "6ae96667-f303-4ab3-9331-9c1c246801a5",
      "title": "",
      "fullFile": "cypress\\e2e\\comment.ts",
      "file": "cypress\\e2e\\comment.ts",
      "beforeHooks": [],
      "afterHooks": [],
      "tests": [
        {
          "title": "작성 -> 확인 -> 삭제",
          "fullTitle": "작성 -> 확인 -> 삭제",
          "timedOut": null,
          "duration": 29814,
          "state": "passed",
          "speed": "slow",
          "pass": true,
          "fail": false,
          "pending": false,
          "context": null,
          "code": "// 로그인하기\nObject(cypress_support_sign__WEBPACK_IMPORTED_MODULE_0__[\"login\"])('asdf@gmail.com', 'asdf1234');\n// 이동하기\ncy.visit('/article/9mDSqenHRWNZTvCvsSew');\n// 작성\ncy.get('#comment-form__content').type(content);\ncy.get('#comment-form__submit').click();\n// 작성 확인\ncy.contains(content).should('exist');\n// 삭제\ncy.get('#comment__delete').click();\ncy.on('window:confirm', function (str) { return true; });\n// 삭제 확인\ncy.contains(content).should('not.exist');\n// 로그아웃하기\nObject(cypress_support_sign__WEBPACK_IMPORTED_MODULE_0__[\"logout\"])();",
          "err": {},
          "uuid": "0138562a-c885-4276-b487-762ac70d56ae",
          "parentUUID": "6ae96667-f303-4ab3-9331-9c1c246801a5",
          "isHook": false,
          "skipped": false
        }
      ],
      "suites": [],
      "passes": [
        "0138562a-c885-4276-b487-762ac70d56ae"
      ],
      "failures": [],
      "pending": [],
      "skipped": [],
      "duration": 29814,
      "root": true,
      "rootEmpty": false,
      "_timeout": 2000
    },
    {
      "uuid": "30e3aae3-b039-4a7e-8d18-67120c4d6d84",
      "title": "",
      "fullFile": "cypress\\e2e\\home.ts",
      "file": "cypress\\e2e\\home.ts",
      "beforeHooks": [],
      "afterHooks": [],
      "tests": [
        {
          "title": "각종 부분이 있는지 체크하기",
          "fullTitle": "각종 부분이 있는지 체크하기",
          "timedOut": null,
          "duration": 7095,
          "state": "passed",
          "speed": "medium",
          "pass": true,
          "fail": false,
          "pending": false,
          "context": null,
          "code": "cy.visit('/');\ncy.get('header');\ncy.get('#welcome');\ncy.get('#intro');\ncy.get('footer');",
          "err": {},
          "uuid": "52e91ab5-55f6-4291-b56e-97d27c1efd14",
          "parentUUID": "30e3aae3-b039-4a7e-8d18-67120c4d6d84",
          "isHook": false,
          "skipped": false
        },
        {
          "title": "카테고리 클릭해서 이동하기",
          "fullTitle": "카테고리 클릭해서 이동하기",
          "timedOut": null,
          "duration": 8831,
          "state": "passed",
          "speed": "medium",
          "pass": true,
          "fail": false,
          "pending": false,
          "context": null,
          "code": "cy.get('#category-menu__button').click();\ncy.get('#category-menu__button').click();\ncy.get('#category-menu__result').contains('사회').click();\ncy.url().should('contain', 'category');\ncy.url().should('contain', 'society');\ncy.visit('/');",
          "err": {},
          "uuid": "529ec9bd-f2d7-4eae-a94f-64d650e4e4cb",
          "parentUUID": "30e3aae3-b039-4a7e-8d18-67120c4d6d84",
          "isHook": false,
          "skipped": false
        },
        {
          "title": "카테고리 hover해서 이동하기",
          "fullTitle": "카테고리 hover해서 이동하기",
          "timedOut": null,
          "duration": 3660,
          "state": "passed",
          "speed": "fast",
          "pass": true,
          "fail": false,
          "pending": false,
          "context": null,
          "code": "// 코드는 mouseeneter로 했지만 여기서는 mouseover로 하였다.\ncy.get('#category-menu__button').trigger('mouseover');\ncy.get('#category-menu__result').contains('사회').click();\ncy.url().should('contain', 'category');\ncy.url().should('contain', 'society');\ncy.visit('/');",
          "err": {},
          "uuid": "7f5f3cbb-1f07-4d21-a7d4-2f4c551603d8",
          "parentUUID": "30e3aae3-b039-4a7e-8d18-67120c4d6d84",
          "isHook": false,
          "skipped": false
        },
        {
          "title": "카테고리 키보드로 이동하기",
          "fullTitle": "카테고리 키보드로 이동하기",
          "timedOut": null,
          "duration": 413,
          "state": "passed",
          "speed": "fast",
          "pass": true,
          "fail": false,
          "pending": false,
          "context": null,
          "code": "cy.get('#category-menu__result').should('have.css', 'display', 'none');\ncy.get('#category-menu__button').focus().type('{enter}');\ncy.get('#category-menu__result').should('not.have.css', 'display', 'none');",
          "err": {},
          "uuid": "eac6147b-faf2-43ce-9cf2-952b93536e5b",
          "parentUUID": "30e3aae3-b039-4a7e-8d18-67120c4d6d84",
          "isHook": false,
          "skipped": false
        },
        {
          "title": "작성 페이지로 이동",
          "fullTitle": "작성 페이지로 이동",
          "timedOut": null,
          "duration": 8249,
          "state": "passed",
          "speed": "medium",
          "pass": true,
          "fail": false,
          "pending": false,
          "context": null,
          "code": "cy.get('#to-create').click();\ncy.url().should('contain', 'create');\ncy.visit('/');",
          "err": {},
          "uuid": "54d1558f-7be0-4106-9420-575491d685c6",
          "parentUUID": "30e3aae3-b039-4a7e-8d18-67120c4d6d84",
          "isHook": false,
          "skipped": false
        },
        {
          "title": "로그인 페이지로 이동",
          "fullTitle": "로그인 페이지로 이동",
          "timedOut": null,
          "duration": 6355,
          "state": "passed",
          "speed": "medium",
          "pass": true,
          "fail": false,
          "pending": false,
          "context": null,
          "code": "cy.get('header #to-login').click();\ncy.url().should('contain', 'sign');\ncy.visit('/');",
          "err": {},
          "uuid": "f46a9fb7-6f62-422f-a529-b847ec9be84b",
          "parentUUID": "30e3aae3-b039-4a7e-8d18-67120c4d6d84",
          "isHook": false,
          "skipped": false
        },
        {
          "title": "screen-medium 이하이면 검색창 사라지고 검색 버튼 생김",
          "fullTitle": "screen-medium 이하이면 검색창 사라지고 검색 버튼 생김",
          "timedOut": null,
          "duration": 165,
          "state": "passed",
          "speed": "fast",
          "pass": true,
          "fail": false,
          "pending": false,
          "context": null,
          "code": "cy.get('#search-narrow__container').should('have.css', 'display', 'none');\ncy.viewport(Cypress.env('screenMedium') - 1, 1000);\ncy.get('#search-narrow__container').should('not.have.css', 'display', 'none');",
          "err": {},
          "uuid": "87dd973f-874c-4906-a64b-e6c945e115b7",
          "parentUUID": "30e3aae3-b039-4a7e-8d18-67120c4d6d84",
          "isHook": false,
          "skipped": false
        },
        {
          "title": "screen-tiny 이하이면 카테고리 줄어듬",
          "fullTitle": "screen-tiny 이하이면 카테고리 줄어듬",
          "timedOut": null,
          "duration": 222,
          "state": "passed",
          "speed": "fast",
          "pass": true,
          "fail": false,
          "pending": false,
          "context": null,
          "code": "cy.get('#category-narrow__button').should('have.css', 'display', 'none');\ncy.viewport(Cypress.env('screenTiny') - 1, 500);\ncy.get('#category-narrow__button').should('not.have.css', 'display', 'none');",
          "err": {},
          "uuid": "9966d84b-2c1a-4361-b6e5-f0dff8c4042b",
          "parentUUID": "30e3aae3-b039-4a7e-8d18-67120c4d6d84",
          "isHook": false,
          "skipped": false
        }
      ],
      "suites": [],
      "passes": [
        "52e91ab5-55f6-4291-b56e-97d27c1efd14",
        "529ec9bd-f2d7-4eae-a94f-64d650e4e4cb",
        "7f5f3cbb-1f07-4d21-a7d4-2f4c551603d8",
        "eac6147b-faf2-43ce-9cf2-952b93536e5b",
        "54d1558f-7be0-4106-9420-575491d685c6",
        "f46a9fb7-6f62-422f-a529-b847ec9be84b",
        "87dd973f-874c-4906-a64b-e6c945e115b7",
        "9966d84b-2c1a-4361-b6e5-f0dff8c4042b"
      ],
      "failures": [],
      "pending": [],
      "skipped": [],
      "duration": 34990,
      "root": true,
      "rootEmpty": false,
      "_timeout": 2000
    },
    {
      "uuid": "bf129f4a-99ee-4794-baa7-e9780a68a8cc",
      "title": "",
      "fullFile": "cypress\\e2e\\initialize.ts",
      "file": "cypress\\e2e\\initialize.ts",
      "beforeHooks": [],
      "afterHooks": [],
      "tests": [
        {
          "title": "initialize",
          "fullTitle": "initialize",
          "timedOut": null,
          "duration": 7933,
          "state": "passed",
          "speed": "medium",
          "pass": true,
          "fail": false,
          "pending": false,
          "context": null,
          "code": "cy.visit('/');",
          "err": {},
          "uuid": "d29ba27e-f4a1-4532-91a5-766102dfa96f",
          "parentUUID": "bf129f4a-99ee-4794-baa7-e9780a68a8cc",
          "isHook": false,
          "skipped": false
        }
      ],
      "suites": [],
      "passes": [
        "d29ba27e-f4a1-4532-91a5-766102dfa96f"
      ],
      "failures": [],
      "pending": [],
      "skipped": [],
      "duration": 7933,
      "root": true,
      "rootEmpty": false,
      "_timeout": 2000
    },
    {
      "uuid": "1fd207bd-7405-4918-88dc-9c68cfb70f45",
      "title": "",
      "fullFile": "cypress\\e2e\\interest.ts",
      "file": "cypress\\e2e\\interest.ts",
      "beforeHooks": [],
      "afterHooks": [],
      "tests": [],
      "suites": [
        {
          "uuid": "3bb135d5-d783-4593-8688-a473a04609ce",
          "title": "관심 목록에서 추가하고 삭제하기",
          "fullFile": "",
          "file": "",
          "beforeHooks": [],
          "afterHooks": [],
          "tests": [
            {
              "title": "추가하기",
              "fullTitle": "관심 목록에서 추가하고 삭제하기 추가하기",
              "timedOut": null,
              "duration": 15373,
              "state": "passed",
              "speed": "slow",
              "pass": true,
              "fail": false,
              "pending": false,
              "context": null,
              "code": "cy.get('#article__interest-button').click();\ncy.get('#article__interest-button svg').should('have.attr', 'data-prefix', 'fas');",
              "err": {},
              "uuid": "4e5f43f1-4d8b-4fbd-9f33-ceb462253fca",
              "parentUUID": "3bb135d5-d783-4593-8688-a473a04609ce",
              "isHook": false,
              "skipped": false
            },
            {
              "title": "프로필에서 확인하기",
              "fullTitle": "관심 목록에서 추가하고 삭제하기 프로필에서 확인하기",
              "timedOut": null,
              "duration": 7140,
              "state": "passed",
              "speed": "medium",
              "pass": true,
              "fail": false,
              "pending": false,
              "context": null,
              "code": "cy.visit('/profile');\ncy.get('#profile-button__interest').click();\ncy.contains(titleText).click();",
              "err": {},
              "uuid": "3aa95966-1575-483a-9b8d-ab65de0ab548",
              "parentUUID": "3bb135d5-d783-4593-8688-a473a04609ce",
              "isHook": false,
              "skipped": false
            },
            {
              "title": "해제하기",
              "fullTitle": "관심 목록에서 추가하고 삭제하기 해제하기",
              "timedOut": null,
              "duration": 727,
              "state": "passed",
              "speed": "fast",
              "pass": true,
              "fail": false,
              "pending": false,
              "context": null,
              "code": "cy.get('#article__interest-button svg').should('have.attr', 'data-prefix', 'fas');\ncy.get('#article__interest-button').click();\n// 해제한 다음에 확인하려고 했는데 안 된다. 계속 fas라고 한다. (1)",
              "err": {},
              "uuid": "3379e932-a567-4456-87c7-ae81f1433eff",
              "parentUUID": "3bb135d5-d783-4593-8688-a473a04609ce",
              "isHook": false,
              "skipped": false
            },
            {
              "title": "프로필에서 확인하기",
              "fullTitle": "관심 목록에서 추가하고 삭제하기 프로필에서 확인하기",
              "timedOut": null,
              "duration": 5777,
              "state": "passed",
              "speed": "medium",
              "pass": true,
              "fail": false,
              "pending": false,
              "context": null,
              "code": "cy.visit('/profile');\ncy.get('#profile-button__interest').click();\ncy.contains(titleText).should('not.exist');",
              "err": {},
              "uuid": "636a9172-f35c-4647-8fca-07d07edb8342",
              "parentUUID": "3bb135d5-d783-4593-8688-a473a04609ce",
              "isHook": false,
              "skipped": false
            }
          ],
          "suites": [],
          "passes": [
            "4e5f43f1-4d8b-4fbd-9f33-ceb462253fca",
            "3aa95966-1575-483a-9b8d-ab65de0ab548",
            "3379e932-a567-4456-87c7-ae81f1433eff",
            "636a9172-f35c-4647-8fca-07d07edb8342"
          ],
          "failures": [],
          "pending": [],
          "skipped": [],
          "duration": 29017,
          "root": false,
          "rootEmpty": false,
          "_timeout": 2000
        }
      ],
      "passes": [],
      "failures": [],
      "pending": [],
      "skipped": [],
      "duration": 0,
      "root": true,
      "rootEmpty": true,
      "_timeout": 2000
    },
    {
      "uuid": "faaaa5fa-b459-4bdf-8618-20c4f017bd7e",
      "title": "",
      "fullFile": "cypress\\e2e\\login-logout.ts",
      "file": "cypress\\e2e\\login-logout.ts",
      "beforeHooks": [],
      "afterHooks": [],
      "tests": [
        {
          "title": "로그인하기",
          "fullTitle": "로그인하기",
          "timedOut": null,
          "duration": 7430,
          "state": "passed",
          "speed": "medium",
          "pass": true,
          "fail": false,
          "pending": false,
          "context": null,
          "code": "Object(cypress_support_sign__WEBPACK_IMPORTED_MODULE_0__[\"login\"])('asdf@gmail.com', 'asdf1234');",
          "err": {},
          "uuid": "eabfb7cd-21c6-48db-a0a2-08afbc2c6973",
          "parentUUID": "faaaa5fa-b459-4bdf-8618-20c4f017bd7e",
          "isHook": false,
          "skipped": false
        },
        {
          "title": "로그아웃하기",
          "fullTitle": "로그아웃하기",
          "timedOut": null,
          "duration": 942,
          "state": "passed",
          "speed": "fast",
          "pass": true,
          "fail": false,
          "pending": false,
          "context": null,
          "code": "Object(cypress_support_sign__WEBPACK_IMPORTED_MODULE_0__[\"logout\"])();",
          "err": {},
          "uuid": "c2644b61-af5a-449e-ba0d-bc40d3381991",
          "parentUUID": "faaaa5fa-b459-4bdf-8618-20c4f017bd7e",
          "isHook": false,
          "skipped": false
        }
      ],
      "suites": [],
      "passes": [
        "eabfb7cd-21c6-48db-a0a2-08afbc2c6973",
        "c2644b61-af5a-449e-ba0d-bc40d3381991"
      ],
      "failures": [],
      "pending": [],
      "skipped": [],
      "duration": 8372,
      "root": true,
      "rootEmpty": false,
      "_timeout": 2000
    },
    {
      "uuid": "d6801080-f92a-4464-969a-9ff35c7bfaf5",
      "title": "",
      "fullFile": "cypress\\e2e\\profile-name.ts",
      "file": "cypress\\e2e\\profile-name.ts",
      "beforeHooks": [],
      "afterHooks": [],
      "tests": [
        {
          "title": "프로필 이름 바꿨다가 원래대로 돌리기",
          "fullTitle": "프로필 이름 바꿨다가 원래대로 돌리기",
          "timedOut": null,
          "duration": 16163,
          "state": "passed",
          "speed": "slow",
          "pass": true,
          "fail": false,
          "pending": false,
          "context": null,
          "code": "// 로그인하기\nObject(cypress_support_sign__WEBPACK_IMPORTED_MODULE_0__[\"login\"])('asdf@gmail.com', 'asdf1234');\n// 프로필에서 확인하기\ncy.visit('/profile');\n// 현재 이름 가져오기\ncy.get('#profile-name').invoke('text').as('originalName');\n// 이름 바꾸기\ncy.get('#profile-name__to-edit').click();\ncy.get('#profile-name__edit-input').clear().type(changedName);\ncy.get('#profile-name__edit-confirm').click();\ncy.get('#profile-name').should('have.text', changedName);\n// 원래로 돌리기\ncy.get('#profile-name__to-edit').click();\ncy.get('@originalName').then(function (originalName) {\n    cy.get('#profile-name__edit-input').clear().type(originalName);\n    cy.get('#profile-name__edit-confirm').click();\n    cy.get('#profile-name').should('have.text', originalName);\n});\n// 로그아웃하기\nObject(cypress_support_sign__WEBPACK_IMPORTED_MODULE_0__[\"logout\"])();",
          "err": {},
          "uuid": "41c86476-16ec-47b4-ba8b-a97f41adaa48",
          "parentUUID": "d6801080-f92a-4464-969a-9ff35c7bfaf5",
          "isHook": false,
          "skipped": false
        }
      ],
      "suites": [],
      "passes": [
        "41c86476-16ec-47b4-ba8b-a97f41adaa48"
      ],
      "failures": [],
      "pending": [],
      "skipped": [],
      "duration": 16163,
      "root": true,
      "rootEmpty": false,
      "_timeout": 2000
    },
    {
      "uuid": "f660a77e-669b-499f-a584-7eba7a21c4a6",
      "title": "",
      "fullFile": "cypress\\e2e\\search.ts",
      "file": "cypress\\e2e\\search.ts",
      "beforeHooks": [],
      "afterHooks": [],
      "tests": [
        {
          "title": "wide한 상황에서 최신 글 찾고, 검색하기",
          "fullTitle": "wide한 상황에서 최신 글 찾고, 검색하기",
          "timedOut": null,
          "duration": 16241,
          "state": "passed",
          "speed": "slow",
          "pass": true,
          "fail": false,
          "pending": false,
          "context": null,
          "code": "cy.visit('/category/society/1');\ncy.get('#article-card__title')\n    .first()\n    .then(function ($firstArticleCard) {\n    var titleText = $firstArticleCard.text();\n    cy.get('#search-wide-input').type(titleText);\n    cy.get('#search-wide-result').contains(titleText).click();\n    cy.url().should('contain', 'article');\n    cy.get('#article__title').should('have.text', titleText);\n});\ncy.visit('/category/society/1');",
          "err": {},
          "uuid": "398e0528-e060-47c7-8ad4-fb512041775c",
          "parentUUID": "f660a77e-669b-499f-a584-7eba7a21c4a6",
          "isHook": false,
          "skipped": false
        },
        {
          "title": "narrow한 상황에서 최신 글 찾고, 검색하기",
          "fullTitle": "narrow한 상황에서 최신 글 찾고, 검색하기",
          "timedOut": null,
          "duration": 1742,
          "state": "passed",
          "speed": "fast",
          "pass": true,
          "fail": false,
          "pending": false,
          "context": null,
          "code": "cy.viewport(Cypress.env('screenMedium') - 1, 1000);\ncy.get('#search-narrow__button').click();\ncy.get('#article-card__title')\n    .first()\n    .then(function ($firstArticleCard) {\n    var titleText = $firstArticleCard.text();\n    cy.get('#search-narrow__input').type(titleText);\n    cy.get('#search-narrow__result').contains(titleText).click();\n    cy.url().should('contain', 'article');\n    cy.get('#article__title').should('have.text', titleText);\n});",
          "err": {},
          "uuid": "3895a6f0-8a20-4b8a-9302-e27396135aa6",
          "parentUUID": "f660a77e-669b-499f-a584-7eba7a21c4a6",
          "isHook": false,
          "skipped": false
        }
      ],
      "suites": [],
      "passes": [
        "398e0528-e060-47c7-8ad4-fb512041775c",
        "3895a6f0-8a20-4b8a-9302-e27396135aa6"
      ],
      "failures": [],
      "pending": [],
      "skipped": [],
      "duration": 17983,
      "root": true,
      "rootEmpty": false,
      "_timeout": 2000
    },
    {
      "uuid": "19ba9d9b-74b8-4726-8015-ade3024a8f9c",
      "title": "",
      "fullFile": "cypress\\e2e\\signup-delete.ts",
      "file": "cypress\\e2e\\signup-delete.ts",
      "beforeHooks": [],
      "afterHooks": [],
      "tests": [
        {
          "title": "회원가입하고 탈퇴하기",
          "fullTitle": "회원가입하고 탈퇴하기",
          "timedOut": null,
          "duration": 18601,
          "state": "passed",
          "speed": "slow",
          "pass": true,
          "fail": false,
          "pending": false,
          "context": null,
          "code": "// 회원가입하기\ncy.visit('/sign');\ncy.get('#email').type(email);\ncy.get('#password').type(password);\ncy.get('#sign-up-button').click();\ncy.get('#to-profile').should('exist');\n// profile에서 이름 확인하기\ncy.visit('/profile');\ncy.get('#profile-name').should('have.text', email.split('@')[0]);\n// 탈퇴하기\ncy.get('#delete-account-button').click();\ncy.get('#to-login').should('exist');",
          "err": {},
          "uuid": "57c63312-088c-46af-903e-50c7b1552869",
          "parentUUID": "19ba9d9b-74b8-4726-8015-ade3024a8f9c",
          "isHook": false,
          "skipped": false
        }
      ],
      "suites": [],
      "passes": [
        "57c63312-088c-46af-903e-50c7b1552869"
      ],
      "failures": [],
      "pending": [],
      "skipped": [],
      "duration": 18601,
      "root": true,
      "rootEmpty": false,
      "_timeout": 2000
    }
  ],
  "meta": {
    "mocha": {
      "version": "7.0.1"
    },
    "mochawesome": {
      "options": {
        "quiet": false,
        "reportFilename": "[name].json",
        "saveHtml": false,
        "saveJson": true,
        "consoleReporter": "spec",
        "useInlineDiffs": false,
        "code": true
      },
      "version": "7.1.3"
    },
    "marge": {
      "options": {
        "id": "default",
        "reportDir": "cypress/results",
        "reportFilename": "[name].json",
        "html": false,
        "json": true
      },
      "version": "6.2.0"
    }
  }
}